# JRE version: 7.0_25-b17
# Java VM: Java HotSpot(TM) 64-Bit Server VM (23.25-b01 mixed mode windows-amd64 compressed oops)
Heap
 PSYoungGen      total 147264K, used 86000K [0x00000000eaab0000, 0x00000000f8b50000, 0x0000000100000000)
  eden space 105920K, 42% used [0x00000000eaab0000,0x00000000ed64d2b0,0x00000000f1220000)
  from space 41344K, 99% used [0x00000000f62f0000,0x00000000f8b4ef68,0x00000000f8b50000)
  to   space 31936K, 0% used [0x00000000f1220000,0x00000000f1220000,0x00000000f3150000)
 ParOldGen       total 104832K, used 70385K [0x00000000c0000000, 0x00000000c6660000, 0x00000000eaab0000)
  object space 104832K, 67% used [0x00000000c0000000,0x00000000c44bc590,0x00000000c6660000)
 PSPermGen       total 21248K, used 5939K [0x00000000bae00000, 0x00000000bc2c0000, 0x00000000c0000000)
  object space 21248K, 27% used [0x00000000bae00000,0x00000000bb3ccdc0,0x00000000bc2c0000)
GC Heap History (10 events):
Event: 5.117 GC heap before
{Heap before GC invocations=5 (full 0):
 PSYoungGen      total 65536K, used 65536K [0x00000000eaab0000, 0x00000000eed30000, 0x0000000100000000)
  eden space 62976K, 100% used [0x00000000eaab0000,0x00000000ee830000,0x00000000ee830000)
  from space 2560K, 100% used [0x00000000eeab0000,0x00000000eed30000,0x00000000eed30000)
  to   space 2560K, 0% used [0x00000000ee830000,0x00000000ee830000,0x00000000eeab0000)
 ParOldGen       total 41728K, used 13510K [0x00000000c0000000, 0x00000000c28c0000, 0x00000000eaab0000)
  object space 41728K, 32% used [0x00000000c0000000,0x00000000c0d31900,0x00000000c28c0000)
 PSPermGen       total 21248K, used 5845K [0x00000000bae00000, 0x00000000bc2c0000, 0x00000000c0000000)
  object space 21248K, 27% used [0x00000000bae00000,0x00000000bb3b56d0,0x00000000bc2c0000)
Event: 5.144 GC heap after
Heap after GC invocations=5 (full 0):
 PSYoungGen      total 65536K, used 2535K [0x00000000eaab0000, 0x00000000f3cf0000, 0x0000000100000000)
  eden space 62976K, 0% used [0x00000000eaab0000,0x00000000eaab0000,0x00000000ee830000)
  from space 2560K, 99% used [0x00000000ee830000,0x00000000eeaa9f08,0x00000000eeab0000)
  to   space 11904K, 0% used [0x00000000f3150000,0x00000000f3150000,0x00000000f3cf0000)
 ParOldGen       total 41728K, used 22547K [0x00000000c0000000, 0x00000000c28c0000, 0x00000000eaab0000)
  object space 41728K, 54% used [0x00000000c0000000,0x00000000c1604f98,0x00000000c28c0000)
 PSPermGen       total 21248K, used 5845K [0x00000000bae00000, 0x00000000bc2c0000, 0x00000000c0000000)
  object space 21248K, 27% used [0x00000000bae00000,0x00000000bb3b56d0,0x00000000bc2c0000)
}
Event: 5.910 GC heap before
{Heap before GC invocations=6 (full 0):
 PSYoungGen      total 65536K, used 65511K [0x00000000eaab0000, 0x00000000f3cf0000, 0x0000000100000000)
  eden space 62976K, 100% used [0x00000000eaab0000,0x00000000ee830000,0x00000000ee830000)
  from space 2560K, 99% used [0x00000000ee830000,0x00000000eeaa9f08,0x00000000eeab0000)
  to   space 11904K, 0% used [0x00000000f3150000,0x00000000f3150000,0x00000000f3cf0000)
 ParOldGen       total 41728K, used 22547K [0x00000000c0000000, 0x00000000c28c0000, 0x00000000eaab0000)
  object space 41728K, 54% used [0x00000000c0000000,0x00000000c1604f98,0x00000000c28c0000)
 PSPermGen       total 21248K, used 5855K [0x00000000bae00000, 0x00000000bc2c0000, 0x00000000c0000000)
  object space 21248K, 27% used [0x00000000bae00000,0x00000000bb3b7d80,0x00000000bc2c0000)
Event: 5.959 GC heap after
Heap after GC invocations=6 (full 0):
 PSYoungGen      total 117824K, used 11884K [0x00000000eaab0000, 0x00000000f6410000, 0x0000000100000000)
  eden space 105920K, 0% used [0x00000000eaab0000,0x00000000eaab0000,0x00000000f1220000)
  from space 11904K, 99% used [0x00000000f3150000,0x00000000f3ceb258,0x00000000f3cf0000)
  to   space 31936K, 0% used [0x00000000f1220000,0x00000000f1220000,0x00000000f3150000)
 ParOldGen       total 54784K, used 54728K [0x00000000c0000000, 0x00000000c3580000, 0x00000000eaab0000)
  object space 54784K, 99% used [0x00000000c0000000,0x00000000c3572030,0x00000000c3580000)
 PSPermGen       total 21248K, used 5855K [0x00000000bae00000, 0x00000000bc2c0000, 0x00000000c0000000)
  object space 21248K, 27% used [0x00000000bae00000,0x00000000bb3b7d80,0x00000000bc2c0000)
}
Event: 5.959 GC heap before
{Heap before GC invocations=7 (full 1):
 PSYoungGen      total 117824K, used 11884K [0x00000000eaab0000, 0x00000000f6410000, 0x0000000100000000)
  eden space 105920K, 0% used [0x00000000eaab0000,0x00000000eaab0000,0x00000000f1220000)
  from space 11904K, 99% used [0x00000000f3150000,0x00000000f3ceb258,0x00000000f3cf0000)
  to   space 31936K, 0% used [0x00000000f1220000,0x00000000f1220000,0x00000000f3150000)
 ParOldGen       total 54784K, used 54728K [0x00000000c0000000, 0x00000000c3580000, 0x00000000eaab0000)
  object space 54784K, 99% used [0x00000000c0000000,0x00000000c3572030,0x00000000c3580000)
 PSPermGen       total 21248K, used 5855K [0x00000000bae00000, 0x00000000bc2c0000, 0x00000000c0000000)
  object space 21248K, 27% used [0x00000000bae00000,0x00000000bb3b7d80,0x00000000bc2c0000)
Event: 6.308 GC heap after
Heap after GC invocations=7 (full 1):
 PSYoungGen      total 117824K, used 7499K [0x00000000eaab0000, 0x00000000f6410000, 0x0000000100000000)
  eden space 105920K, 0% used [0x00000000eaab0000,0x00000000eaab0000,0x00000000f1220000)
  from space 11904K, 62% used [0x00000000f3150000,0x00000000f38a2dc8,0x00000000f3cf0000)
  to   space 31936K, 0% used [0x00000000f1220000,0x00000000f1220000,0x00000000f3150000)
 ParOldGen       total 104832K, used 54782K [0x00000000c0000000, 0x00000000c6660000, 0x00000000eaab0000)
  object space 104832K, 52% used [0x00000000c0000000,0x00000000c357f870,0x00000000c6660000)
 PSPermGen       total 21248K, used 5849K [0x00000000bae00000, 0x00000000bc2c0000, 0x00000000c0000000)
  object space 21248K, 27% used [0x00000000bae00000,0x00000000bb3b6608,0x00000000bc2c0000)
}
Event: 7.129 GC heap before
{Heap before GC invocations=8 (full 1):
 PSYoungGen      total 117824K, used 113419K [0x00000000eaab0000, 0x00000000f6410000, 0x0000000100000000)
  eden space 105920K, 100% used [0x00000000eaab0000,0x00000000f1220000,0x00000000f1220000)
  from space 11904K, 62% used [0x00000000f3150000,0x00000000f38a2dc8,0x00000000f3cf0000)
  to   space 31936K, 0% used [0x00000000f1220000,0x00000000f1220000,0x00000000f3150000)
 ParOldGen       total 104832K, used 54782K [0x00000000c0000000, 0x00000000c6660000, 0x00000000eaab0000)
  object space 104832K, 52% used [0x00000000c0000000,0x00000000c357f870,0x00000000c6660000)
 PSPermGen       total 21248K, used 5861K [0x00000000bae00000, 0x00000000bc2c0000, 0x00000000c0000000)
  object space 21248K, 27% used [0x00000000bae00000,0x00000000bb3b9790,0x00000000bc2c0000)
Event: 7.192 GC heap after
Heap after GC invocations=8 (full 1):
 PSYoungGen      total 137856K, used 31910K [0x00000000eaab0000, 0x00000000f8b50000, 0x0000000100000000)
  eden space 105920K, 0% used [0x00000000eaab0000,0x00000000eaab0000,0x00000000f1220000)
  from space 31936K, 99% used [0x00000000f1220000,0x00000000f3149bb8,0x00000000f3150000)
  to   space 41344K, 0% used [0x00000000f62f0000,0x00000000f62f0000,0x00000000f8b50000)
 ParOldGen       total 104832K, used 59885K [0x00000000c0000000, 0x00000000c6660000, 0x00000000eaab0000)
  object space 104832K, 57% used [0x00000000c0000000,0x00000000c3a7b680,0x00000000c6660000)
 PSPermGen       total 21248K, used 5861K [0x00000000bae00000, 0x00000000bc2c0000, 0x00000000c0000000)
  object space 21248K, 27% used [0x00000000bae00000,0x00000000bb3b9790,0x00000000bc2c0000)
}
Event: 8.195 GC heap before
{Heap before GC invocations=9 (full 1):
 PSYoungGen      total 137856K, used 137830K [0x00000000eaab0000, 0x00000000f8b50000, 0x0000000100000000)
  eden space 105920K, 100% used [0x00000000eaab0000,0x00000000f1220000,0x00000000f1220000)
  from space 31936K, 99% used [0x00000000f1220000,0x00000000f3149bb8,0x00000000f3150000)
  to   space 41344K, 0% used [0x00000000f62f0000,0x00000000f62f0000,0x00000000f8b50000)
 ParOldGen       total 104832K, used 59885K [0x00000000c0000000, 0x00000000c6660000, 0x00000000eaab0000)
  object space 104832K, 57% used [0x00000000c0000000,0x00000000c3a7b680,0x00000000c6660000)
 PSPermGen       total 21248K, used 5885K [0x00000000bae00000, 0x00000000bc2c0000, 0x00000000c0000000)
  object space 21248K, 27% used [0x00000000bae00000,0x00000000bb3bf538,0x00000000bc2c0000)
Event: 8.256 GC heap after
Heap after GC invocations=9 (full 1):
 PSYoungGen      total 147264K, used 41339K [0x00000000eaab0000, 0x00000000f8b50000, 0x0000000100000000)
  eden space 105920K, 0% used [0x00000000eaab0000,0x00000000eaab0000,0x00000000f1220000)
  from space 41344K, 99% used [0x00000000f62f0000,0x00000000f8b4ef68,0x00000000f8b50000)
  to   space 31936K, 0% used [0x00000000f1220000,0x00000000f1220000,0x00000000f3150000)
 ParOldGen       total 104832K, used 70385K [0x00000000c0000000, 0x00000000c6660000, 0x00000000eaab0000)
  object space 104832K, 67% used [0x00000000c0000000,0x00000000c44bc590,0x00000000c6660000)
 PSPermGen       total 21248K, used 5885K [0x00000000bae00000, 0x00000000bc2c0000, 0x00000000c0000000)
  object space 21248K, 27% used [0x00000000bae00000,0x00000000bb3bf538,0x00000000bc2c0000)
}

