# JRE version: 7.0_25-b17
# Java VM: Java HotSpot(TM) 64-Bit Server VM (23.25-b01 mixed mode windows-amd64 compressed oops)
Heap
 PSYoungGen      total 119808K, used 39369K [0x00000000eaab0000, 0x00000000f5990000, 0x0000000100000000)
  eden space 83776K, 4% used [0x00000000eaab0000,0x00000000eadf8f98,0x00000000efc80000)
  from space 36032K, 99% used [0x00000000efc80000,0x00000000f1fa96a0,0x00000000f1fb0000)
  to   space 44672K, 0% used [0x00000000f2df0000,0x00000000f2df0000,0x00000000f5990000)
 ParOldGen       total 148800K, used 88486K [0x00000000c0000000, 0x00000000c9150000, 0x00000000eaab0000)
  object space 148800K, 59% used [0x00000000c0000000,0x00000000c56698a8,0x00000000c9150000)
 PSPermGen       total 21248K, used 5941K [0x00000000bae00000, 0x00000000bc2c0000, 0x00000000c0000000)
  object space 21248K, 27% used [0x00000000bae00000,0x00000000bb3cd430,0x00000000bc2c0000)
GC Heap History (10 events):
Event: 12.219 GC heap before
{Heap before GC invocations=9 (full 1):
 PSYoungGen      total 70016K, used 62144K [0x00000000eaab0000, 0x00000000f4870000, 0x0000000100000000)
  eden space 62144K, 100% used [0x00000000eaab0000,0x00000000ee760000,0x00000000ee760000)
  from space 7872K, 0% used [0x00000000ee760000,0x00000000ee760000,0x00000000eef10000)
  to   space 18624K, 0% used [0x00000000f3640000,0x00000000f3640000,0x00000000f4870000)
 ParOldGen       total 78144K, used 38634K [0x00000000c0000000, 0x00000000c4c50000, 0x00000000eaab0000)
  object space 78144K, 49% used [0x00000000c0000000,0x00000000c25baae0,0x00000000c4c50000)
 PSPermGen       total 21248K, used 5846K [0x00000000bae00000, 0x00000000bc2c0000, 0x00000000c0000000)
  object space 21248K, 27% used [0x00000000bae00000,0x00000000bb3b5b18,0x00000000bc2c0000)
Event: 12.299 GC heap after
Heap after GC invocations=9 (full 1):
 PSYoungGen      total 102912K, used 18624K [0x00000000eaab0000, 0x00000000f4870000, 0x0000000100000000)
  eden space 84288K, 0% used [0x00000000eaab0000,0x00000000eaab0000,0x00000000efd00000)
  from space 18624K, 100% used [0x00000000f3640000,0x00000000f4870000,0x00000000f4870000)
  to   space 32384K, 0% used [0x00000000f0930000,0x00000000f0930000,0x00000000f28d0000)
 ParOldGen       total 78144K, used 62930K [0x00000000c0000000, 0x00000000c4c50000, 0x00000000eaab0000)
  object space 78144K, 80% used [0x00000000c0000000,0x00000000c3d74ae0,0x00000000c4c50000)
 PSPermGen       total 21248K, used 5846K [0x00000000bae00000, 0x00000000bc2c0000, 0x00000000c0000000)
  object space 21248K, 27% used [0x00000000bae00000,0x00000000bb3b5b18,0x00000000bc2c0000)
}
Event: 12.299 GC heap before
{Heap before GC invocations=10 (full 2):
 PSYoungGen      total 102912K, used 18624K [0x00000000eaab0000, 0x00000000f4870000, 0x0000000100000000)
  eden space 84288K, 0% used [0x00000000eaab0000,0x00000000eaab0000,0x00000000efd00000)
  from space 18624K, 100% used [0x00000000f3640000,0x00000000f4870000,0x00000000f4870000)
  to   space 32384K, 0% used [0x00000000f0930000,0x00000000f0930000,0x00000000f28d0000)
 ParOldGen       total 78144K, used 62930K [0x00000000c0000000, 0x00000000c4c50000, 0x00000000eaab0000)
  object space 78144K, 80% used [0x00000000c0000000,0x00000000c3d74ae0,0x00000000c4c50000)
 PSPermGen       total 21248K, used 5846K [0x00000000bae00000, 0x00000000bc2c0000, 0x00000000c0000000)
  object space 21248K, 27% used [0x00000000bae00000,0x00000000bb3b5b18,0x00000000bc2c0000)
Event: 12.655 GC heap after
Heap after GC invocations=10 (full 2):
 PSYoungGen      total 102912K, used 1350K [0x00000000eaab0000, 0x00000000f4870000, 0x0000000100000000)
  eden space 84288K, 0% used [0x00000000eaab0000,0x00000000eaab0000,0x00000000efd00000)
  from space 18624K, 7% used [0x00000000f3640000,0x00000000f3791808,0x00000000f4870000)
  to   space 32384K, 0% used [0x00000000f0930000,0x00000000f0930000,0x00000000f28d0000)
 ParOldGen       total 148800K, used 78141K [0x00000000c0000000, 0x00000000c9150000, 0x00000000eaab0000)
  object space 148800K, 52% used [0x00000000c0000000,0x00000000c4c4f6e0,0x00000000c9150000)
 PSPermGen       total 21248K, used 5846K [0x00000000bae00000, 0x00000000bc2c0000, 0x00000000c0000000)
  object space 21248K, 27% used [0x00000000bae00000,0x00000000bb3b5b18,0x00000000bc2c0000)
}
Event: 14.776 GC heap before
{Heap before GC invocations=11 (full 2):
 PSYoungGen      total 102912K, used 85638K [0x00000000eaab0000, 0x00000000f4870000, 0x0000000100000000)
  eden space 84288K, 100% used [0x00000000eaab0000,0x00000000efd00000,0x00000000efd00000)
  from space 18624K, 7% used [0x00000000f3640000,0x00000000f3791808,0x00000000f4870000)
  to   space 32384K, 0% used [0x00000000f0930000,0x00000000f0930000,0x00000000f28d0000)
 ParOldGen       total 148800K, used 78141K [0x00000000c0000000, 0x00000000c9150000, 0x00000000eaab0000)
  object space 148800K, 52% used [0x00000000c0000000,0x00000000c4c4f6e0,0x00000000c9150000)
 PSPermGen       total 21248K, used 5858K [0x00000000bae00000, 0x00000000bc2c0000, 0x00000000c0000000)
  object space 21248K, 27% used [0x00000000bae00000,0x00000000bb3b8848,0x00000000bc2c0000)
Event: 14.893 GC heap after
Heap after GC invocations=11 (full 2):
 PSYoungGen      total 102720K, used 13283K [0x00000000eaab0000, 0x00000000f3d60000, 0x0000000100000000)
  eden space 89408K, 0% used [0x00000000eaab0000,0x00000000eaab0000,0x00000000f0200000)
  from space 13312K, 99% used [0x00000000f0930000,0x00000000f1628d50,0x00000000f1630000)
  to   space 30400K, 0% used [0x00000000f1fb0000,0x00000000f1fb0000,0x00000000f3d60000)
 ParOldGen       total 148800K, used 78141K [0x00000000c0000000, 0x00000000c9150000, 0x00000000eaab0000)
  object space 148800K, 52% used [0x00000000c0000000,0x00000000c4c4f6e0,0x00000000c9150000)
 PSPermGen       total 21248K, used 5858K [0x00000000bae00000, 0x00000000bc2c0000, 0x00000000c0000000)
  object space 21248K, 27% used [0x00000000bae00000,0x00000000bb3b8848,0x00000000bc2c0000)
}
Event: 16.792 GC heap before
{Heap before GC invocations=12 (full 2):
 PSYoungGen      total 102720K, used 102691K [0x00000000eaab0000, 0x00000000f3d60000, 0x0000000100000000)
  eden space 89408K, 100% used [0x00000000eaab0000,0x00000000f0200000,0x00000000f0200000)
  from space 13312K, 99% used [0x00000000f0930000,0x00000000f1628d50,0x00000000f1630000)
  to   space 30400K, 0% used [0x00000000f1fb0000,0x00000000f1fb0000,0x00000000f3d60000)
 ParOldGen       total 148800K, used 78141K [0x00000000c0000000, 0x00000000c9150000, 0x00000000eaab0000)
  object space 148800K, 52% used [0x00000000c0000000,0x00000000c4c4f6e0,0x00000000c9150000)
 PSPermGen       total 21248K, used 5880K [0x00000000bae00000, 0x00000000bc2c0000, 0x00000000c0000000)
  object space 21248K, 27% used [0x00000000bae00000,0x00000000bb3be2a8,0x00000000bc2c0000)
Event: 16.880 GC heap after
Heap after GC invocations=12 (full 2):
 PSYoungGen      total 114176K, used 30378K [0x00000000eaab0000, 0x00000000f4d90000, 0x0000000100000000)
  eden space 83776K, 0% used [0x00000000eaab0000,0x00000000eaab0000,0x00000000efc80000)
  from space 30400K, 99% used [0x00000000f1fb0000,0x00000000f3d5aad0,0x00000000f3d60000)
  to   space 36032K, 0% used [0x00000000efc80000,0x00000000efc80000,0x00000000f1fb0000)
 ParOldGen       total 148800K, used 80572K [0x00000000c0000000, 0x00000000c9150000, 0x00000000eaab0000)
  object space 148800K, 54% used [0x00000000c0000000,0x00000000c4eaf3d0,0x00000000c9150000)
 PSPermGen       total 21248K, used 5880K [0x00000000bae00000, 0x00000000bc2c0000, 0x00000000c0000000)
  object space 21248K, 27% used [0x00000000bae00000,0x00000000bb3be2a8,0x00000000bc2c0000)
}
Event: 18.165 GC heap before
{Heap before GC invocations=13 (full 2):
 PSYoungGen      total 114176K, used 114154K [0x00000000eaab0000, 0x00000000f4d90000, 0x0000000100000000)
  eden space 83776K, 100% used [0x00000000eaab0000,0x00000000efc80000,0x00000000efc80000)
  from space 30400K, 99% used [0x00000000f1fb0000,0x00000000f3d5aad0,0x00000000f3d60000)
  to   space 36032K, 0% used [0x00000000efc80000,0x00000000efc80000,0x00000000f1fb0000)
 ParOldGen       total 148800K, used 80572K [0x00000000c0000000, 0x00000000c9150000, 0x00000000eaab0000)
  object space 148800K, 54% used [0x00000000c0000000,0x00000000c4eaf3d0,0x00000000c9150000)
 PSPermGen       total 21248K, used 5940K [0x00000000bae00000, 0x00000000bc2c0000, 0x00000000c0000000)
  object space 21248K, 27% used [0x00000000bae00000,0x00000000bb3cd2c0,0x00000000bc2c0000)
Event: 18.294 GC heap after
Heap after GC invocations=13 (full 2):
 PSYoungGen      total 119808K, used 36005K [0x00000000eaab0000, 0x00000000f5990000, 0x0000000100000000)
  eden space 83776K, 0% used [0x00000000eaab0000,0x00000000eaab0000,0x00000000efc80000)
  from space 36032K, 99% used [0x00000000efc80000,0x00000000f1fa96a0,0x00000000f1fb0000)
  to   space 44672K, 0% used [0x00000000f2df0000,0x00000000f2df0000,0x00000000f5990000)
 ParOldGen       total 148800K, used 88486K [0x00000000c0000000, 0x00000000c9150000, 0x00000000eaab0000)
  object space 148800K, 59% used [0x00000000c0000000,0x00000000c56698a8,0x00000000c9150000)
 PSPermGen       total 21248K, used 5940K [0x00000000bae00000, 0x00000000bc2c0000, 0x00000000c0000000)
  object space 21248K, 27% used [0x00000000bae00000,0x00000000bb3cd2c0,0x00000000bc2c0000)
}

