# JRE version: 7.0_25-b17
# Java VM: Java HotSpot(TM) 64-Bit Server VM (23.25-b01 mixed mode windows-amd64 compressed oops)
Heap
 PSYoungGen      total 137024K, used 69770K [0x00000000eaab0000, 0x00000000f40d0000, 0x0000000100000000)
  eden space 124544K, 47% used [0x00000000eaab0000,0x00000000ee418140,0x00000000f2450000)
  from space 12480K, 88% used [0x00000000f31e0000,0x00000000f3c9a988,0x00000000f3e10000)
  to   space 13888K, 0% used [0x00000000f2450000,0x00000000f2450000,0x00000000f31e0000)
 ParOldGen       total 41728K, used 22051K [0x00000000c0000000, 0x00000000c28c0000, 0x00000000eaab0000)
  object space 41728K, 52% used [0x00000000c0000000,0x00000000c1588d60,0x00000000c28c0000)
 PSPermGen       total 21248K, used 5910K [0x00000000bae00000, 0x00000000bc2c0000, 0x00000000c0000000)
  object space 21248K, 27% used [0x00000000bae00000,0x00000000bb3c58c8,0x00000000bc2c0000)
GC Heap History (10 events):
Event: 3.583 GC heap before
{Heap before GC invocations=2 (full 0):
 PSYoungGen      total 18304K, used 18284K [0x00000000eaab0000, 0x00000000ece70000, 0x0000000100000000)
  eden space 15744K, 100% used [0x00000000eaab0000,0x00000000eba10000,0x00000000eba10000)
  from space 2560K, 99% used [0x00000000eba10000,0x00000000ebc8b0e0,0x00000000ebc90000)
  to   space 2560K, 0% used [0x00000000ecbf0000,0x00000000ecbf0000,0x00000000ece70000)
 ParOldGen       total 41728K, used 1300K [0x00000000c0000000, 0x00000000c28c0000, 0x00000000eaab0000)
  object space 41728K, 3% used [0x00000000c0000000,0x00000000c0145118,0x00000000c28c0000)
 PSPermGen       total 21248K, used 5674K [0x00000000bae00000, 0x00000000bc2c0000, 0x00000000c0000000)
  object space 21248K, 26% used [0x00000000bae00000,0x00000000bb38aa40,0x00000000bc2c0000)
Event: 3.704 GC heap after
Heap after GC invocations=2 (full 0):
 PSYoungGen      total 34048K, used 2535K [0x00000000eaab0000, 0x00000000ece70000, 0x0000000100000000)
  eden space 31488K, 0% used [0x00000000eaab0000,0x00000000eaab0000,0x00000000ec970000)
  from space 2560K, 99% used [0x00000000ecbf0000,0x00000000ece69c98,0x00000000ece70000)
  to   space 2560K, 0% used [0x00000000ec970000,0x00000000ec970000,0x00000000ecbf0000)
 ParOldGen       total 41728K, used 3205K [0x00000000c0000000, 0x00000000c28c0000, 0x00000000eaab0000)
  object space 41728K, 7% used [0x00000000c0000000,0x00000000c03216a0,0x00000000c28c0000)
 PSPermGen       total 21248K, used 5674K [0x00000000bae00000, 0x00000000bc2c0000, 0x00000000c0000000)
  object space 21248K, 26% used [0x00000000bae00000,0x00000000bb38aa40,0x00000000bc2c0000)
}
Event: 5.774 GC heap before
{Heap before GC invocations=3 (full 0):
 PSYoungGen      total 34048K, used 34023K [0x00000000eaab0000, 0x00000000ece70000, 0x0000000100000000)
  eden space 31488K, 100% used [0x00000000eaab0000,0x00000000ec970000,0x00000000ec970000)
  from space 2560K, 99% used [0x00000000ecbf0000,0x00000000ece69c98,0x00000000ece70000)
  to   space 2560K, 0% used [0x00000000ec970000,0x00000000ec970000,0x00000000ecbf0000)
 ParOldGen       total 41728K, used 3205K [0x00000000c0000000, 0x00000000c28c0000, 0x00000000eaab0000)
  object space 41728K, 7% used [0x00000000c0000000,0x00000000c03216a0,0x00000000c28c0000)
 PSPermGen       total 21248K, used 5758K [0x00000000bae00000, 0x00000000bc2c0000, 0x00000000c0000000)
  object space 21248K, 27% used [0x00000000bae00000,0x00000000bb39fb80,0x00000000bc2c0000)
Event: 5.789 GC heap after
Heap after GC invocations=3 (full 0):
 PSYoungGen      total 34048K, used 2549K [0x00000000eaab0000, 0x00000000eed30000, 0x0000000100000000)
  eden space 31488K, 0% used [0x00000000eaab0000,0x00000000eaab0000,0x00000000ec970000)
  from space 2560K, 99% used [0x00000000ec970000,0x00000000ecbed468,0x00000000ecbf0000)
  to   space 2560K, 0% used [0x00000000eeab0000,0x00000000eeab0000,0x00000000eed30000)
 ParOldGen       total 41728K, used 7499K [0x00000000c0000000, 0x00000000c28c0000, 0x00000000eaab0000)
  object space 41728K, 17% used [0x00000000c0000000,0x00000000c0752cf0,0x00000000c28c0000)
 PSPermGen       total 21248K, used 5758K [0x00000000bae00000, 0x00000000bc2c0000, 0x00000000c0000000)
  object space 21248K, 27% used [0x00000000bae00000,0x00000000bb39fb80,0x00000000bc2c0000)
}
Event: 6.726 GC heap before
{Heap before GC invocations=4 (full 0):
 PSYoungGen      total 34048K, used 34037K [0x00000000eaab0000, 0x00000000eed30000, 0x0000000100000000)
  eden space 31488K, 100% used [0x00000000eaab0000,0x00000000ec970000,0x00000000ec970000)
  from space 2560K, 99% used [0x00000000ec970000,0x00000000ecbed468,0x00000000ecbf0000)
  to   space 2560K, 0% used [0x00000000eeab0000,0x00000000eeab0000,0x00000000eed30000)
 ParOldGen       total 41728K, used 7499K [0x00000000c0000000, 0x00000000c28c0000, 0x00000000eaab0000)
  object space 41728K, 17% used [0x00000000c0000000,0x00000000c0752cf0,0x00000000c28c0000)
 PSPermGen       total 21248K, used 5788K [0x00000000bae00000, 0x00000000bc2c0000, 0x00000000c0000000)
  object space 21248K, 27% used [0x00000000bae00000,0x00000000bb3a70c8,0x00000000bc2c0000)
Event: 6.766 GC heap after
Heap after GC invocations=4 (full 0):
 PSYoungGen      total 65536K, used 2539K [0x00000000eaab0000, 0x00000000eed30000, 0x0000000100000000)
  eden space 62976K, 0% used [0x00000000eaab0000,0x00000000eaab0000,0x00000000ee830000)
  from space 2560K, 99% used [0x00000000eeab0000,0x00000000eed2afc8,0x00000000eed30000)
  to   space 2560K, 0% used [0x00000000ee830000,0x00000000ee830000,0x00000000eeab0000)
 ParOldGen       total 41728K, used 12317K [0x00000000c0000000, 0x00000000c28c0000, 0x00000000eaab0000)
  object space 41728K, 29% used [0x00000000c0000000,0x00000000c0c07760,0x00000000c28c0000)
 PSPermGen       total 21248K, used 5788K [0x00000000bae00000, 0x00000000bc2c0000, 0x00000000c0000000)
  object space 21248K, 27% used [0x00000000bae00000,0x00000000bb3a70c8,0x00000000bc2c0000)
}
Event: 7.832 GC heap before
{Heap before GC invocations=5 (full 0):
 PSYoungGen      total 65536K, used 65515K [0x00000000eaab0000, 0x00000000eed30000, 0x0000000100000000)
  eden space 62976K, 100% used [0x00000000eaab0000,0x00000000ee830000,0x00000000ee830000)
  from space 2560K, 99% used [0x00000000eeab0000,0x00000000eed2afc8,0x00000000eed30000)
  to   space 2560K, 0% used [0x00000000ee830000,0x00000000ee830000,0x00000000eeab0000)
 ParOldGen       total 41728K, used 12317K [0x00000000c0000000, 0x00000000c28c0000, 0x00000000eaab0000)
  object space 41728K, 29% used [0x00000000c0000000,0x00000000c0c07760,0x00000000c28c0000)
 PSPermGen       total 21248K, used 5823K [0x00000000bae00000, 0x00000000bc2c0000, 0x00000000c0000000)
  object space 21248K, 27% used [0x00000000bae00000,0x00000000bb3afe20,0x00000000bc2c0000)
Event: 7.861 GC heap after
Heap after GC invocations=5 (full 0):
 PSYoungGen      total 65536K, used 2533K [0x00000000eaab0000, 0x00000000f3e10000, 0x0000000100000000)
  eden space 62976K, 0% used [0x00000000eaab0000,0x00000000eaab0000,0x00000000ee830000)
  from space 2560K, 98% used [0x00000000ee830000,0x00000000eeaa9530,0x00000000eeab0000)
  to   space 12480K, 0% used [0x00000000f31e0000,0x00000000f31e0000,0x00000000f3e10000)
 ParOldGen       total 41728K, used 22051K [0x00000000c0000000, 0x00000000c28c0000, 0x00000000eaab0000)
  object space 41728K, 52% used [0x00000000c0000000,0x00000000c1588d60,0x00000000c28c0000)
 PSPermGen       total 21248K, used 5823K [0x00000000bae00000, 0x00000000bc2c0000, 0x00000000c0000000)
  object space 21248K, 27% used [0x00000000bae00000,0x00000000bb3afe20,0x00000000bc2c0000)
}
Event: 8.670 GC heap before
{Heap before GC invocations=6 (full 0):
 PSYoungGen      total 65536K, used 65509K [0x00000000eaab0000, 0x00000000f3e10000, 0x0000000100000000)
  eden space 62976K, 100% used [0x00000000eaab0000,0x00000000ee830000,0x00000000ee830000)
  from space 2560K, 98% used [0x00000000ee830000,0x00000000eeaa9530,0x00000000eeab0000)
  to   space 12480K, 0% used [0x00000000f31e0000,0x00000000f31e0000,0x00000000f3e10000)
 ParOldGen       total 41728K, used 22051K [0x00000000c0000000, 0x00000000c28c0000, 0x00000000eaab0000)
  object space 41728K, 52% used [0x00000000c0000000,0x00000000c1588d60,0x00000000c28c0000)
 PSPermGen       total 21248K, used 5856K [0x00000000bae00000, 0x00000000bc2c0000, 0x00000000c0000000)
  object space 21248K, 27% used [0x00000000bae00000,0x00000000bb3b80b0,0x00000000bc2c0000)
Event: 8.704 GC heap after
Heap after GC invocations=6 (full 0):
 PSYoungGen      total 137024K, used 10986K [0x00000000eaab0000, 0x00000000f40d0000, 0x0000000100000000)
  eden space 124544K, 0% used [0x00000000eaab0000,0x00000000eaab0000,0x00000000f2450000)
  from space 12480K, 88% used [0x00000000f31e0000,0x00000000f3c9a988,0x00000000f3e10000)
  to   space 13888K, 0% used [0x00000000f2450000,0x00000000f2450000,0x00000000f31e0000)
 ParOldGen       total 41728K, used 22051K [0x00000000c0000000, 0x00000000c28c0000, 0x00000000eaab0000)
  object space 41728K, 52% used [0x00000000c0000000,0x00000000c1588d60,0x00000000c28c0000)
 PSPermGen       total 21248K, used 5856K [0x00000000bae00000, 0x00000000bc2c0000, 0x00000000c0000000)
  object space 21248K, 27% used [0x00000000bae00000,0x00000000bb3b80b0,0x00000000bc2c0000)
}

